<?xml version="1.0" encoding="UTF-8"?>
<coverage generated="1662569018822" clover="3.2.0">
  <project timestamp="1662569018823" name="All files">
    <metrics statements="3" coveredstatements="3" conditionals="0" coveredconditionals="0" methods="2" coveredmethods="2" elements="5" coveredelements="5" complexity="0" loc="3" ncloc="3" packages="1" files="1" classes="1"/>
    <file name="ActionButton.vue" path="C:\Users\SEAMFIX\Desktop\TI ARAMI\frontend\src\components\Shared\ActionButton.vue">
      <metrics statements="3" coveredstatements="3" conditionals="0" coveredconditionals="0" methods="2" coveredmethods="2"/>
      <line num="6" count="1" type="stmt"/>
      <line num="18" count="1" type="stmt"/>
      <line num="24" count="1" type="stmt"/>
    </file>
  </project>
</coverage>
