{"C:\\Users\\SEAMFIX\\Desktop\\TI ARAMI\\frontend\\src\\components\\Shared\\ActionButton.vue": {"path":"C:\\Users\\SEAMFIX\\Desktop\\TI ARAMI\\frontend\\src\\components\\Shared\\ActionButton.vue","statementMap":{"0":{"start":{"line":6,"column":15},"end":{"line":6,"column":null}},"1":{"start":{"line":18,"column":8},"end":{"line":18,"column":15}},"2":{"start":{"line":24,"column":6},"end":{"line":24,"column":13}}},"fnMap":{"0":{"name":"(anonymous_0)","decl":{"start":{"line":17,"column":6},"end":{"line":17,"column":15}},"loc":{"start":{"line":17,"column":23},"end":{"line":19,"column":null}}},"1":{"name":"(anonymous_1)","decl":{"start":{"line":23,"column":4},"end":{"line":23,"column":15}},"loc":{"start":{"line":23,"column":18},"end":{"line":27,"column":null}}}},"branchMap":{},"s":{"0":1,"1":1,"2":1},"f":{"0":1,"1":1},"b":{}}
}
